<?xml version="1.0" encoding="UTF-8"?>
<testng-results ignored="0" total="1" passed="1" failed="0" skipped="0">
  <reporter-output>
  </reporter-output>
  <suite started-at="2020-04-25T16:22:11Z" name="Default suite" finished-at="2020-04-25T16:22:11Z" duration-ms="59">
    <groups>
    </groups>
    <test started-at="2020-04-25T16:22:11Z" name="Default test" finished-at="2020-04-25T16:22:11Z" duration-ms="59">
      <class name="javaSeleniumPackage.TestNG1">
        <test-method signature="a()[pri:0, instance:javaSeleniumPackage.TestNG1@446a1e84]" started-at="2020-04-25T16:22:11Z" name="a" finished-at="2020-04-25T16:22:11Z" duration-ms="18" status="PASS">
          <reporter-output>
          </reporter-output>
        </test-method> <!-- a -->
      </class> <!-- javaSeleniumPackage.TestNG1 -->
    </test> <!-- Default test -->
  </suite> <!-- Default suite -->
</testng-results>
